  main.cpp
main.obj : error LNK2019: Verweis auf nicht aufgelöstes externes Symbol ""void __cdecl cv::fastFree(void *)" (?fastFree@cv@@YAXPAX@Z)" in Funktion ""public: __thiscall cv::Mat::~Mat(void)" (??1Mat@cv@@QAE@XZ)".
main.obj : error LNK2019: Verweis auf nicht aufgelöstes externes Symbol ""public: __thiscall cv::_InputArray::_InputArray(class cv::Mat const &)" (??0_InputArray@cv@@QAE@ABVMat@1@@Z)" in Funktion "_main".
main.obj : error LNK2019: Verweis auf nicht aufgelöstes externes Symbol ""public: void __thiscall cv::Mat::deallocate(void)" (?deallocate@Mat@cv@@QAEXXZ)" in Funktion ""public: void __thiscall cv::Mat::release(void)" (?release@Mat@cv@@QAEXXZ)".
main.obj : error LNK2019: Verweis auf nicht aufgelöstes externes Symbol ""public: void __thiscall cv::Mat::copySize(class cv::Mat const &)" (?copySize@Mat@cv@@QAEXABV12@@Z)" in Funktion ""public: class cv::Mat & __thiscall cv::Mat::operator=(class cv::Mat const &)" (??4Mat@cv@@QAEAAV01@ABV01@@Z)".
main.obj : error LNK2019: Verweis auf nicht aufgelöstes externes Symbol ""int __cdecl cv::_interlockedExchangeAdd(int *,int)" (?_interlockedExchangeAdd@cv@@YAHPAHH@Z)" in Funktion ""public: class cv::Mat & __thiscall cv::Mat::operator=(class cv::Mat const &)" (??4Mat@cv@@QAEAAV01@ABV01@@Z)".
main.obj : error LNK2019: Verweis auf nicht aufgelöstes externes Symbol ""void __cdecl cv::imshow(class std::basic_string<char,struct std::char_traits<char>,class std::allocator<char> > const &,class cv::_InputArray const &)" (?imshow@cv@@YAXABV?$basic_string@DU?$char_traits@D@std@@V?$allocator@D@2@@std@@ABV_InputArray@1@@Z)" in Funktion "_main".
main.obj : error LNK2019: Verweis auf nicht aufgelöstes externes Symbol ""class cv::Mat __cdecl cv::imread(class std::basic_string<char,struct std::char_traits<char>,class std::allocator<char> > const &,int)" (?imread@cv@@YA?AVMat@1@ABV?$basic_string@DU?$char_traits@D@std@@V?$allocator@D@2@@std@@H@Z)" in Funktion "_main".
C:\opencv\build\x64\vc14\lib\opencv_core2413d.lib : warning LNK4272: Bibliothekcomputertyp "x64" steht in Konflikt mit dem Zielcomputertyp "x86"
C:\opencv\build\x64\vc14\lib\opencv_calib3d2413d.lib : warning LNK4272: Bibliothekcomputertyp "x64" steht in Konflikt mit dem Zielcomputertyp "x86"
C:\opencv\build\x64\vc14\lib\opencv_contrib2413d.lib : warning LNK4272: Bibliothekcomputertyp "x64" steht in Konflikt mit dem Zielcomputertyp "x86"
C:\opencv\build\x64\vc14\lib\opencv_features2d2413d.lib : warning LNK4272: Bibliothekcomputertyp "x64" steht in Konflikt mit dem Zielcomputertyp "x86"
C:\opencv\build\x64\vc14\lib\opencv_flann2413d.lib : warning LNK4272: Bibliothekcomputertyp "x64" steht in Konflikt mit dem Zielcomputertyp "x86"
C:\opencv\build\x64\vc14\lib\opencv_gpu2413d.lib : warning LNK4272: Bibliothekcomputertyp "x64" steht in Konflikt mit dem Zielcomputertyp "x86"
C:\opencv\build\x64\vc14\lib\opencv_highgui2413d.lib : warning LNK4272: Bibliothekcomputertyp "x64" steht in Konflikt mit dem Zielcomputertyp "x86"
C:\opencv\build\x64\vc14\lib\opencv_imgproc2413d.lib : warning LNK4272: Bibliothekcomputertyp "x64" steht in Konflikt mit dem Zielcomputertyp "x86"
C:\opencv\build\x64\vc14\lib\opencv_legacy2413d.lib : warning LNK4272: Bibliothekcomputertyp "x64" steht in Konflikt mit dem Zielcomputertyp "x86"
C:\opencv\build\x64\vc14\lib\opencv_ml2413d.lib : warning LNK4272: Bibliothekcomputertyp "x64" steht in Konflikt mit dem Zielcomputertyp "x86"
C:\opencv\build\x64\vc14\lib\opencv_nonfree2413d.lib : warning LNK4272: Bibliothekcomputertyp "x64" steht in Konflikt mit dem Zielcomputertyp "x86"
C:\opencv\build\x64\vc14\lib\opencv_objdetect2413d.lib : warning LNK4272: Bibliothekcomputertyp "x64" steht in Konflikt mit dem Zielcomputertyp "x86"
C:\opencv\build\x64\vc14\lib\opencv_ocl2413d.lib : warning LNK4272: Bibliothekcomputertyp "x64" steht in Konflikt mit dem Zielcomputertyp "x86"
C:\opencv\build\x64\vc14\lib\opencv_photo2413d.lib : warning LNK4272: Bibliothekcomputertyp "x64" steht in Konflikt mit dem Zielcomputertyp "x86"
C:\opencv\build\x64\vc14\lib\opencv_stitching2413d.lib : warning LNK4272: Bibliothekcomputertyp "x64" steht in Konflikt mit dem Zielcomputertyp "x86"
C:\opencv\build\x64\vc14\lib\opencv_superres2413d.lib : warning LNK4272: Bibliothekcomputertyp "x64" steht in Konflikt mit dem Zielcomputertyp "x86"
C:\opencv\build\x64\vc14\lib\opencv_ts2413d.lib : warning LNK4272: Bibliothekcomputertyp "x64" steht in Konflikt mit dem Zielcomputertyp "x86"
C:\opencv\build\x64\vc14\lib\opencv_video2413d.lib : warning LNK4272: Bibliothekcomputertyp "x64" steht in Konflikt mit dem Zielcomputertyp "x86"
C:\opencv\build\x64\vc14\lib\opencv_videostab2413d.lib : warning LNK4272: Bibliothekcomputertyp "x64" steht in Konflikt mit dem Zielcomputertyp "x86"
C:\Users\Daniel\Desktop\Carolo\CaroloCup\Debug\CaroloCup.exe : fatal error LNK1120: 7 nicht aufgelöste Externe
